# JRE version: OpenJDK Runtime Environment (8.0_76-b03) (build 1.8.0_76-release-b03)
# Java VM: OpenJDK 64-Bit Server VM (25.76-b03 mixed mode windows-amd64 compressed oops)
Heap:
 PSYoungGen      total 108544K, used 46416K [0x00000000e0000000, 0x00000000e7680000, 0x0000000100000000)
  eden space 96768K, 37% used [0x00000000e0000000,0x00000000e235f650,0x00000000e5e80000)
  from space 11776K, 86% used [0x00000000e6b00000,0x00000000e74f4c78,0x00000000e7680000)
  to   space 12288K, 0% used [0x00000000e5e80000,0x00000000e5e80000,0x00000000e6a80000)
 ParOldGen       total 102400K, used 16825K [0x00000000a0000000, 0x00000000a6400000, 0x00000000e0000000)
  object space 102400K, 16% used [0x00000000a0000000,0x00000000a106e5c8,0x00000000a6400000)
 Metaspace       used 45171K, capacity 46390K, committed 46592K, reserved 1089536K
  class space    used 6085K, capacity 6351K, committed 6400K, reserved 1048576K
GC Heap History (10 events):
Event: 7.373 GC heap before
{Heap before GC invocations=10 (full 1):
 PSYoungGen      total 71680K, used 68052K [0x00000000e0000000, 0x00000000e5200000, 0x0000000100000000)
  eden space 63488K, 100% used [0x00000000e0000000,0x00000000e3e00000,0x00000000e3e00000)
  from space 8192K, 55% used [0x00000000e4a00000,0x00000000e4e75030,0x00000000e5200000)
  to   space 10240K, 0% used [0x00000000e3e00000,0x00000000e3e00000,0x00000000e4800000)
 ParOldGen       total 67584K, used 9537K [0x00000000a0000000, 0x00000000a4200000, 0x00000000e0000000)
  object space 67584K, 14% used [0x00000000a0000000,0x00000000a09507a8,0x00000000a4200000)
 Metaspace       used 32854K, capacity 33590K, committed 33920K, reserved 1079296K
  class space    used 4436K, capacity 4676K, committed 4736K, reserved 1048576K
Event: 7.385 GC heap after
Heap after GC invocations=10 (full 1):
 PSYoungGen      total 73728K, used 9624K [0x00000000e0000000, 0x00000000e6300000, 0x0000000100000000)
  eden space 63488K, 0% used [0x00000000e0000000,0x00000000e0000000,0x00000000e3e00000)
  from space 10240K, 93% used [0x00000000e3e00000,0x00000000e4766018,0x00000000e4800000)
  to   space 11264K, 0% used [0x00000000e5800000,0x00000000e5800000,0x00000000e6300000)
 ParOldGen       total 67584K, used 9545K [0x00000000a0000000, 0x00000000a4200000, 0x00000000e0000000)
  object space 67584K, 14% used [0x00000000a0000000,0x00000000a09527a8,0x00000000a4200000)
 Metaspace       used 32854K, capacity 33590K, committed 33920K, reserved 1079296K
  class space    used 4436K, capacity 4676K, committed 4736K, reserved 1048576K
}
Event: 7.656 GC heap before
{Heap before GC invocations=11 (full 1):
 PSYoungGen      total 73728K, used 27012K [0x00000000e0000000, 0x00000000e6300000, 0x0000000100000000)
  eden space 63488K, 27% used [0x00000000e0000000,0x00000000e10fb3c0,0x00000000e3e00000)
  from space 10240K, 93% used [0x00000000e3e00000,0x00000000e4766018,0x00000000e4800000)
  to   space 11264K, 0% used [0x00000000e5800000,0x00000000e5800000,0x00000000e6300000)
 ParOldGen       total 67584K, used 9545K [0x00000000a0000000, 0x00000000a4200000, 0x00000000e0000000)
  object space 67584K, 14% used [0x00000000a0000000,0x00000000a09527a8,0x00000000a4200000)
 Metaspace       used 34669K, capacity 35322K, committed 35496K, reserved 1079296K
  class space    used 4663K, capacity 4842K, committed 4864K, reserved 1048576K
Event: 7.664 GC heap after
Heap after GC invocations=11 (full 1):
 PSYoungGen      total 89600K, used 8905K [0x00000000e0000000, 0x00000000e6780000, 0x0000000100000000)
  eden space 78336K, 0% used [0x00000000e0000000,0x00000000e0000000,0x00000000e4c80000)
  from space 11264K, 79% used [0x00000000e5800000,0x00000000e60b26f0,0x00000000e6300000)
  to   space 11776K, 0% used [0x00000000e4c80000,0x00000000e4c80000,0x00000000e5800000)
 ParOldGen       total 67584K, used 9553K [0x00000000a0000000, 0x00000000a4200000, 0x00000000e0000000)
  object space 67584K, 14% used [0x00000000a0000000,0x00000000a09547a8,0x00000000a4200000)
 Metaspace       used 34669K, capacity 35322K, committed 35496K, reserved 1079296K
  class space    used 4663K, capacity 4842K, committed 4864K, reserved 1048576K
}
Event: 7.664 GC heap before
{Heap before GC invocations=12 (full 2):
 PSYoungGen      total 89600K, used 8905K [0x00000000e0000000, 0x00000000e6780000, 0x0000000100000000)
  eden space 78336K, 0% used [0x00000000e0000000,0x00000000e0000000,0x00000000e4c80000)
  from space 11264K, 79% used [0x00000000e5800000,0x00000000e60b26f0,0x00000000e6300000)
  to   space 11776K, 0% used [0x00000000e4c80000,0x00000000e4c80000,0x00000000e5800000)
 ParOldGen       total 67584K, used 9553K [0x00000000a0000000, 0x00000000a4200000, 0x00000000e0000000)
  object space 67584K, 14% used [0x00000000a0000000,0x00000000a09547a8,0x00000000a4200000)
 Metaspace       used 34669K, capacity 35322K, committed 35496K, reserved 1079296K
  class space    used 4663K, capacity 4842K, committed 4864K, reserved 1048576K
Event: 7.745 GC heap after
Heap after GC invocations=12 (full 2):
 PSYoungGen      total 89600K, used 0K [0x00000000e0000000, 0x00000000e6780000, 0x0000000100000000)
  eden space 78336K, 0% used [0x00000000e0000000,0x00000000e0000000,0x00000000e4c80000)
  from space 11264K, 0% used [0x00000000e5800000,0x00000000e5800000,0x00000000e6300000)
  to   space 11776K, 0% used [0x00000000e4c80000,0x00000000e4c80000,0x00000000e5800000)
 ParOldGen       total 102400K, used 16745K [0x00000000a0000000, 0x00000000a6400000, 0x00000000e0000000)
  object space 102400K, 16% used [0x00000000a0000000,0x00000000a105a5b8,0x00000000a6400000)
 Metaspace       used 34669K, capacity 35322K, committed 35496K, reserved 1079296K
  class space    used 4663K, capacity 4842K, committed 4864K, reserved 1048576K
}
Event: 9.728 GC heap before
{Heap before GC invocations=13 (full 2):
 PSYoungGen      total 89600K, used 78336K [0x00000000e0000000, 0x00000000e6780000, 0x0000000100000000)
  eden space 78336K, 100% used [0x00000000e0000000,0x00000000e4c80000,0x00000000e4c80000)
  from space 11264K, 0% used [0x00000000e5800000,0x00000000e5800000,0x00000000e6300000)
  to   space 11776K, 0% used [0x00000000e4c80000,0x00000000e4c80000,0x00000000e5800000)
 ParOldGen       total 102400K, used 16745K [0x00000000a0000000, 0x00000000a6400000, 0x00000000e0000000)
  object space 102400K, 16% used [0x00000000a0000000,0x00000000a105a5b8,0x00000000a6400000)
 Metaspace       used 41381K, capacity 42338K, committed 42752K, reserved 1085440K
  class space    used 5551K, capacity 5787K, committed 5888K, reserved 1048576K
Event: 9.735 GC heap after
Heap after GC invocations=13 (full 2):
 PSYoungGen      total 90112K, used 7556K [0x00000000e0000000, 0x00000000e7680000, 0x0000000100000000)
  eden space 78336K, 0% used [0x00000000e0000000,0x00000000e0000000,0x00000000e4c80000)
  from space 11776K, 64% used [0x00000000e4c80000,0x00000000e53e1338,0x00000000e5800000)
  to   space 11776K, 0% used [0x00000000e6b00000,0x00000000e6b00000,0x00000000e7680000)
 ParOldGen       total 102400K, used 16817K [0x00000000a0000000, 0x00000000a6400000, 0x00000000e0000000)
  object space 102400K, 16% used [0x00000000a0000000,0x00000000a106c5c8,0x00000000a6400000)
 Metaspace       used 41381K, capacity 42338K, committed 42752K, reserved 1085440K
  class space    used 5551K, capacity 5787K, committed 5888K, reserved 1048576K
}
Event: 11.343 GC heap before
{Heap before GC invocations=14 (full 2):
 PSYoungGen      total 90112K, used 85892K [0x00000000e0000000, 0x00000000e7680000, 0x0000000100000000)
  eden space 78336K, 100% used [0x00000000e0000000,0x00000000e4c80000,0x00000000e4c80000)
  from space 11776K, 64% used [0x00000000e4c80000,0x00000000e53e1338,0x00000000e5800000)
  to   space 11776K, 0% used [0x00000000e6b00000,0x00000000e6b00000,0x00000000e7680000)
 ParOldGen       total 102400K, used 16817K [0x00000000a0000000, 0x00000000a6400000, 0x00000000e0000000)
  object space 102400K, 16% used [0x00000000a0000000,0x00000000a106c5c8,0x00000000a6400000)
 Metaspace       used 43760K, capacity 44802K, committed 45056K, reserved 1087488K
  class space    used 5851K, capacity 6119K, committed 6144K, reserved 1048576K
Event: 11.354 GC heap after
Heap after GC invocations=14 (full 2):
 PSYoungGen      total 108544K, used 10195K [0x00000000e0000000, 0x00000000e7680000, 0x0000000100000000)
  eden space 96768K, 0% used [0x00000000e0000000,0x00000000e0000000,0x00000000e5e80000)
  from space 11776K, 86% used [0x00000000e6b00000,0x00000000e74f4c78,0x00000000e7680000)
  to   space 12288K, 0% used [0x00000000e5e80000,0x00000000e5e80000,0x00000000e6a80000)
 ParOldGen       total 102400K, used 16825K [0x00000000a0000000, 0x00000000a6400000, 0x00000000e0000000)
  object space 102400K, 16% used [0x00000000a0000000,0x00000000a106e5c8,0x00000000a6400000)
 Metaspace       used 43760K, capacity 44802K, committed 45056K, reserved 1087488K
  class space    used 5851K, capacity 6119K, committed 6144K, reserved 1048576K
}

