# JRE version: OpenJDK Runtime Environment (8.0_76-b03) (build 1.8.0_76-release-b03)
# Java VM: OpenJDK 64-Bit Server VM (25.76-b03 mixed mode windows-amd64 compressed oops)
Heap:
 PSYoungGen      total 54272K, used 40594K [0x00000000e0000000, 0x00000000e4000000, 0x0000000100000000)
  eden space 44032K, 82% used [0x00000000e0000000,0x00000000e236c818,0x00000000e2b00000)
  from space 10240K, 42% used [0x00000000e3600000,0x00000000e3a38020,0x00000000e4000000)
  to   space 10752K, 0% used [0x00000000e2b00000,0x00000000e2b00000,0x00000000e3580000)
 ParOldGen       total 48128K, used 9552K [0x00000000a0000000, 0x00000000a2f00000, 0x00000000e0000000)
  object space 48128K, 19% used [0x00000000a0000000,0x00000000a0954228,0x00000000a2f00000)
 Metaspace       used 28938K, capacity 29542K, committed 29744K, reserved 1075200K
  class space    used 3946K, capacity 4107K, committed 4144K, reserved 1048576K
GC Heap History (10 events):
Event: 11.109 GC heap before
{Heap before GC invocations=5 (full 1):
 PSYoungGen      total 37888K, used 5117K [0x00000000e0000000, 0x00000000e2a00000, 0x0000000100000000)
  eden space 32768K, 0% used [0x00000000e0000000,0x00000000e0000000,0x00000000e2000000)
  from space 5120K, 99% used [0x00000000e2500000,0x00000000e29ff680,0x00000000e2a00000)
  to   space 5120K, 0% used [0x00000000e2000000,0x00000000e2000000,0x00000000e2500000)
 ParOldGen       total 86016K, used 9065K [0x00000000a0000000, 0x00000000a5400000, 0x00000000e0000000)
  object space 86016K, 10% used [0x00000000a0000000,0x00000000a08da570,0x00000000a5400000)
 Metaspace       used 20862K, capacity 21264K, committed 21296K, reserved 1067008K
  class space    used 2724K, capacity 2852K, committed 2864K, reserved 1048576K
Event: 11.185 GC heap after
Heap after GC invocations=5 (full 1):
 PSYoungGen      total 37888K, used 0K [0x00000000e0000000, 0x00000000e2a00000, 0x0000000100000000)
  eden space 32768K, 0% used [0x00000000e0000000,0x00000000e0000000,0x00000000e2000000)
  from space 5120K, 0% used [0x00000000e2500000,0x00000000e2500000,0x00000000e2a00000)
  to   space 5120K, 0% used [0x00000000e2000000,0x00000000e2000000,0x00000000e2500000)
 ParOldGen       total 48128K, used 9528K [0x00000000a0000000, 0x00000000a2f00000, 0x00000000e0000000)
  object space 48128K, 19% used [0x00000000a0000000,0x00000000a094e228,0x00000000a2f00000)
 Metaspace       used 20862K, capacity 21264K, committed 21296K, reserved 1067008K
  class space    used 2724K, capacity 2852K, committed 2864K, reserved 1048576K
}
Event: 13.054 GC heap before
{Heap before GC invocations=6 (full 1):
 PSYoungGen      total 37888K, used 32768K [0x00000000e0000000, 0x00000000e2a00000, 0x0000000100000000)
  eden space 32768K, 100% used [0x00000000e0000000,0x00000000e2000000,0x00000000e2000000)
  from space 5120K, 0% used [0x00000000e2500000,0x00000000e2500000,0x00000000e2a00000)
  to   space 5120K, 0% used [0x00000000e2000000,0x00000000e2000000,0x00000000e2500000)
 ParOldGen       total 48128K, used 9528K [0x00000000a0000000, 0x00000000a2f00000, 0x00000000e0000000)
  object space 48128K, 19% used [0x00000000a0000000,0x00000000a094e228,0x00000000a2f00000)
 Metaspace       used 23420K, capacity 23996K, committed 24112K, reserved 1071104K
  class space    used 3143K, capacity 3311K, committed 3376K, reserved 1048576K
Event: 13.059 GC heap after
Heap after GC invocations=6 (full 1):
 PSYoungGen      total 37376K, used 4477K [0x00000000e0000000, 0x00000000e3580000, 0x0000000100000000)
  eden space 32256K, 0% used [0x00000000e0000000,0x00000000e0000000,0x00000000e1f80000)
  from space 5120K, 87% used [0x00000000e2000000,0x00000000e245f5c8,0x00000000e2500000)
  to   space 11264K, 0% used [0x00000000e2a80000,0x00000000e2a80000,0x00000000e3580000)
 ParOldGen       total 48128K, used 9536K [0x00000000a0000000, 0x00000000a2f00000, 0x00000000e0000000)
  object space 48128K, 19% used [0x00000000a0000000,0x00000000a0950228,0x00000000a2f00000)
 Metaspace       used 23420K, capacity 23996K, committed 24112K, reserved 1071104K
  class space    used 3143K, capacity 3311K, committed 3376K, reserved 1048576K
}
Event: 14.156 GC heap before
{Heap before GC invocations=7 (full 1):
 PSYoungGen      total 37376K, used 36733K [0x00000000e0000000, 0x00000000e3580000, 0x0000000100000000)
  eden space 32256K, 100% used [0x00000000e0000000,0x00000000e1f80000,0x00000000e1f80000)
  from space 5120K, 87% used [0x00000000e2000000,0x00000000e245f5c8,0x00000000e2500000)
  to   space 11264K, 0% used [0x00000000e2a80000,0x00000000e2a80000,0x00000000e3580000)
 ParOldGen       total 48128K, used 9536K [0x00000000a0000000, 0x00000000a2f00000, 0x00000000e0000000)
  object space 48128K, 19% used [0x00000000a0000000,0x00000000a0950228,0x00000000a2f00000)
 Metaspace       used 25887K, capacity 26474K, committed 26544K, reserved 1073152K
  class space    used 3565K, capacity 3707K, committed 3760K, reserved 1048576K
Event: 14.164 GC heap after
Heap after GC invocations=7 (full 1):
 PSYoungGen      total 43520K, used 5071K [0x00000000e0000000, 0x00000000e4100000, 0x0000000100000000)
  eden space 32256K, 0% used [0x00000000e0000000,0x00000000e0000000,0x00000000e1f80000)
  from space 11264K, 45% used [0x00000000e2a80000,0x00000000e2f73c00,0x00000000e3580000)
  to   space 11264K, 0% used [0x00000000e1f80000,0x00000000e1f80000,0x00000000e2a80000)
 ParOldGen       total 48128K, used 9536K [0x00000000a0000000, 0x00000000a2f00000, 0x00000000e0000000)
  object space 48128K, 19% used [0x00000000a0000000,0x00000000a0950228,0x00000000a2f00000)
 Metaspace       used 25887K, capacity 26474K, committed 26544K, reserved 1073152K
  class space    used 3565K, capacity 3707K, committed 3760K, reserved 1048576K
}
Event: 15.260 GC heap before
{Heap before GC invocations=8 (full 1):
 PSYoungGen      total 43520K, used 37327K [0x00000000e0000000, 0x00000000e4100000, 0x0000000100000000)
  eden space 32256K, 100% used [0x00000000e0000000,0x00000000e1f80000,0x00000000e1f80000)
  from space 11264K, 45% used [0x00000000e2a80000,0x00000000e2f73c00,0x00000000e3580000)
  to   space 11264K, 0% used [0x00000000e1f80000,0x00000000e1f80000,0x00000000e2a80000)
 ParOldGen       total 48128K, used 9536K [0x00000000a0000000, 0x00000000a2f00000, 0x00000000e0000000)
  object space 48128K, 19% used [0x00000000a0000000,0x00000000a0950228,0x00000000a2f00000)
 Metaspace       used 28022K, capacity 28604K, committed 28976K, reserved 1075200K
  class space    used 3859K, capacity 4030K, committed 4144K, reserved 1048576K
Event: 15.265 GC heap after
Heap after GC invocations=8 (full 1):
 PSYoungGen      total 43520K, used 4986K [0x00000000e0000000, 0x00000000e4080000, 0x0000000100000000)
  eden space 32256K, 0% used [0x00000000e0000000,0x00000000e0000000,0x00000000e1f80000)
  from space 11264K, 44% used [0x00000000e1f80000,0x00000000e245eb60,0x00000000e2a80000)
  to   space 10752K, 0% used [0x00000000e3600000,0x00000000e3600000,0x00000000e4080000)
 ParOldGen       total 48128K, used 9544K [0x00000000a0000000, 0x00000000a2f00000, 0x00000000e0000000)
  object space 48128K, 19% used [0x00000000a0000000,0x00000000a0952228,0x00000000a2f00000)
 Metaspace       used 28022K, capacity 28604K, committed 28976K, reserved 1075200K
  class space    used 3859K, capacity 4030K, committed 4144K, reserved 1048576K
}
Event: 16.645 GC heap before
{Heap before GC invocations=9 (full 1):
 PSYoungGen      total 43520K, used 37242K [0x00000000e0000000, 0x00000000e4080000, 0x0000000100000000)
  eden space 32256K, 100% used [0x00000000e0000000,0x00000000e1f80000,0x00000000e1f80000)
  from space 11264K, 44% used [0x00000000e1f80000,0x00000000e245eb60,0x00000000e2a80000)
  to   space 10752K, 0% used [0x00000000e3600000,0x00000000e3600000,0x00000000e4080000)
 ParOldGen       total 48128K, used 9544K [0x00000000a0000000, 0x00000000a2f00000, 0x00000000e0000000)
  object space 48128K, 19% used [0x00000000a0000000,0x00000000a0952228,0x00000000a2f00000)
 Metaspace       used 28222K, capacity 28802K, committed 28976K, reserved 1075200K
  class space    used 3865K, capacity 4031K, committed 4144K, reserved 1048576K
Event: 16.650 GC heap after
Heap after GC invocations=9 (full 1):
 PSYoungGen      total 54272K, used 4320K [0x00000000e0000000, 0x00000000e4000000, 0x0000000100000000)
  eden space 44032K, 0% used [0x00000000e0000000,0x00000000e0000000,0x00000000e2b00000)
  from space 10240K, 42% used [0x00000000e3600000,0x00000000e3a38020,0x00000000e4000000)
  to   space 10752K, 0% used [0x00000000e2b00000,0x00000000e2b00000,0x00000000e3580000)
 ParOldGen       total 48128K, used 9552K [0x00000000a0000000, 0x00000000a2f00000, 0x00000000e0000000)
  object space 48128K, 19% used [0x00000000a0000000,0x00000000a0954228,0x00000000a2f00000)
 Metaspace       used 28222K, capacity 28802K, committed 28976K, reserved 1075200K
  class space    used 3865K, capacity 4031K, committed 4144K, reserved 1048576K
}

